Using pre-set license
Built from '2021.3/staging' branch; Version is '2021.3.21f1 (1b156197d683) revision 1774945'; Using compiler version '192829333'; Build Type 'Release'
OS: 'Windows 11  (10.0.22631) 64bit Core' Language: 'pt' Physical Memory: 16221 MB
BatchMode: 1, IsHumanControllingUs: 0, StartBugReporterOnCrash: 0, Is64bit: 1, IsPro: 1

COMMAND LINE ARGUMENTS:
C:\Program Files\Unity\Hub\Editor\2021.3.21f1\Editor\Unity.exe
-adb2
-batchMode
-noUpm
-name
AssetImportWorker0
-projectPath
C:/Users/marta/Documents/Unity/CasinoGame/CasinoGame
-logFile
Logs/AssetImportWorker0.log
-srvPort
56182
Successfully changed project path to: C:/Users/marta/Documents/Unity/CasinoGame/CasinoGame
C:/Users/marta/Documents/Unity/CasinoGame/CasinoGame
[UnityMemory] Configuration Parameters - Can be set up in boot.config
    "memorysetup-bucket-allocator-granularity=16"
    "memorysetup-bucket-allocator-bucket-count=8"
    "memorysetup-bucket-allocator-block-size=33554432"
    "memorysetup-bucket-allocator-block-count=8"
    "memorysetup-main-allocator-block-size=16777216"
    "memorysetup-thread-allocator-block-size=16777216"
    "memorysetup-gfx-main-allocator-block-size=16777216"
    "memorysetup-gfx-thread-allocator-block-size=16777216"
    "memorysetup-cache-allocator-block-size=4194304"
    "memorysetup-typetree-allocator-block-size=2097152"
    "memorysetup-profiler-bucket-allocator-granularity=16"
    "memorysetup-profiler-bucket-allocator-bucket-count=8"
    "memorysetup-profiler-bucket-allocator-block-size=33554432"
    "memorysetup-profiler-bucket-allocator-block-count=8"
    "memorysetup-profiler-allocator-block-size=16777216"
    "memorysetup-profiler-editor-allocator-block-size=1048576"
    "memorysetup-temp-allocator-size-main=16777216"
    "memorysetup-job-temp-allocator-block-size=2097152"
    "memorysetup-job-temp-allocator-block-size-background=1048576"
    "memorysetup-job-temp-allocator-reduction-small-platforms=262144"
    "memorysetup-temp-allocator-size-background-worker=32768"
    "memorysetup-temp-allocator-size-job-worker=262144"
    "memorysetup-temp-allocator-size-preload-manager=33554432"
    "memorysetup-temp-allocator-size-nav-mesh-worker=65536"
    "memorysetup-temp-allocator-size-audio-worker=65536"
    "memorysetup-temp-allocator-size-cloud-worker=32768"
    "memorysetup-temp-allocator-size-gi-baking-worker=262144"
    "memorysetup-temp-allocator-size-gfx=262144"
Player connection [19336] Host "[IP] 172.18.129.221 [Port] 0 [Flags] 2 [Guid] 3385240864 [EditorId] 3385240864 [Version] 1048832 [Id] WindowsEditor(7,LAPTOP-H5F1OK20) [Debug] 1 [PackageName] WindowsEditor [ProjectName] Editor" joined multi-casting on [225.0.0.222:54997]...

Player connection [19336] Host "[IP] 172.18.129.221 [Port] 0 [Flags] 2 [Guid] 3385240864 [EditorId] 3385240864 [Version] 1048832 [Id] WindowsEditor(7,LAPTOP-H5F1OK20) [Debug] 1 [PackageName] WindowsEditor [ProjectName] Editor" joined alternative multi-casting on [225.0.0.222:34997]...

Refreshing native plugins compatible for Editor in 160.35 ms, found 4 plugins.
Preloading 0 native plugins for Editor in 0.00 ms.
Initialize engine version: 2021.3.21f1 (1b156197d683)
[Subsystems] Discovering subsystems at path C:/Program Files/Unity/Hub/Editor/2021.3.21f1/Editor/Data/Resources/UnitySubsystems
[Subsystems] Discovering subsystems at path C:/Users/marta/Documents/Unity/CasinoGame/CasinoGame/Assets
GfxDevice: creating device client; threaded=0; jobified=0
Direct3D:
    Version:  Direct3D 11.0 [level 11.1]
    Renderer: NVIDIA GeForce GTX 1650 (ID=0x1f99)
    Vendor:   NVIDIA
    VRAM:     3962 MB
    Driver:   31.0.15.1640
Initialize mono
Mono path[0] = 'C:/Program Files/Unity/Hub/Editor/2021.3.21f1/Editor/Data/Managed'
Mono path[1] = 'C:/Program Files/Unity/Hub/Editor/2021.3.21f1/Editor/Data/MonoBleedingEdge/lib/mono/unityjit-win32'
Mono config path = 'C:/Program Files/Unity/Hub/Editor/2021.3.21f1/Editor/Data/MonoBleedingEdge/etc'
Using monoOptions --debugger-agent=transport=dt_socket,embedding=1,server=y,suspend=n,address=127.0.0.1:56332
Begin MonoManager ReloadAssembly
Registering precompiled unity dll's ...
Register platform support module: C:/Program Files/Unity/Hub/Editor/2021.3.21f1/Editor/Data/PlaybackEngines/WebGLSupport/UnityEditor.WebGL.Extensions.dll
Register platform support module: C:/Program Files/Unity/Hub/Editor/2021.3.21f1/Editor/Data/PlaybackEngines/AndroidPlayer/UnityEditor.Android.Extensions.dll
Register platform support module: C:/Program Files/Unity/Hub/Editor/2021.3.21f1/Editor/Data/PlaybackEngines/iOSSupport/UnityEditor.iOS.Extensions.dll
Register platform support module: C:/Program Files/Unity/Hub/Editor/2021.3.21f1/Editor/Data/PlaybackEngines/WindowsStandaloneSupport/UnityEditor.WindowsStandalone.Extensions.dll
Registered in 0.025441 seconds.
Native extension for WindowsStandalone target not found
[usbmuxd] Start listen thread
[usbmuxd] Listen thread started
Native extension for iOS target not found
Native extension for Android target not found
Android Extension - Scanning For ADB Devices 561 ms
Native extension for WebGL target not found
Refreshing native plugins compatible for Editor in 165.83 ms, found 4 plugins.
Preloading 0 native plugins for Editor in 0.00 ms.
Mono: successfully reloaded assembly
- Completed reload, in  1.940 seconds
Domain Reload Profiling:
	ReloadAssembly (1941ms)
		BeginReloadAssembly (206ms)
			ExecutionOrderSort (0ms)
			DisableScriptedObjects (0ms)
			BackupInstance (0ms)
			ReleaseScriptingObjects (0ms)
			CreateAndSetChildDomain (1ms)
		EndReloadAssembly (1517ms)
			LoadAssemblies (205ms)
			RebuildTransferFunctionScriptingTraits (0ms)
			SetupTypeCache (198ms)
			ReleaseScriptCaches (0ms)
			RebuildScriptCaches (74ms)
			SetupLoadedEditorAssemblies (1143ms)
				LogAssemblyErrors (0ms)
				InitializePlatformSupportModulesInManaged (761ms)
				SetLoadedEditorAssemblies (0ms)
				RefreshPlugins (166ms)
				BeforeProcessingInitializeOnLoad (2ms)
				ProcessInitializeOnLoadAttributes (154ms)
				ProcessInitializeOnLoadMethodAttributes (59ms)
				AfterProcessingInitializeOnLoad (0ms)
				EditorAssembliesLoaded (0ms)
			ExecutionOrderSort2 (0ms)
			AwakeInstancesAfterBackupRestoration (0ms)
Platform modules already initialized, skipping
Registering precompiled user dll's ...
Registered in 0.016707 seconds.
Begin MonoManager ReloadAssembly
Symbol file LoadedFromMemory doesn't match image C:\Users\marta\Documents\Unity\CasinoGame\CasinoGame\Library\PackageCache\com.unity.visualscripting@1.8.0\Editor\VisualScripting.Core\Dependencies\YamlDotNet\Unity.VisualScripting.YamlDotNet.dll
Symbol file LoadedFromMemory doesn't match image C:\Users\marta\Documents\Unity\CasinoGame\CasinoGame\Library\PackageCache\com.unity.visualscripting@1.8.0\Editor\VisualScripting.Core\Dependencies\DotNetZip\Unity.VisualScripting.IonicZip.dll
Native extension for WindowsStandalone target not found
Native extension for iOS target not found
Native extension for Android target not found
Native extension for WebGL target not found
Refreshing native plugins compatible for Editor in 201.05 ms, found 4 plugins.
Preloading 0 native plugins for Editor in 0.00 ms.
Mono: successfully reloaded assembly
- Completed reload, in  2.199 seconds
Domain Reload Profiling:
	ReloadAssembly (2201ms)
		BeginReloadAssembly (271ms)
			ExecutionOrderSort (0ms)
			DisableScriptedObjects (10ms)
			BackupInstance (0ms)
			ReleaseScriptingObjects (0ms)
			CreateAndSetChildDomain (34ms)
		EndReloadAssembly (1745ms)
			LoadAssemblies (207ms)
			RebuildTransferFunctionScriptingTraits (0ms)
			SetupTypeCache (371ms)
			ReleaseScriptCaches (1ms)
			RebuildScriptCaches (98ms)
			SetupLoadedEditorAssemblies (965ms)
				LogAssemblyErrors (0ms)
				InitializePlatformSupportModulesInManaged (48ms)
				SetLoadedEditorAssemblies (0ms)
				RefreshPlugins (201ms)
				BeforeProcessingInitializeOnLoad (215ms)
				ProcessInitializeOnLoadAttributes (407ms)
				ProcessInitializeOnLoadMethodAttributes (68ms)
				AfterProcessingInitializeOnLoad (25ms)
				EditorAssembliesLoaded (0ms)
			ExecutionOrderSort2 (0ms)
			AwakeInstancesAfterBackupRestoration (14ms)
Platform modules already initialized, skipping
========================================================================
Worker process is ready to serve import requests
Launched and connected shader compiler UnityShaderCompiler.exe after 0.11 seconds
Refreshing native plugins compatible for Editor in 0.72 ms, found 4 plugins.
Preloading 0 native plugins for Editor in 0.00 ms.
Unloading 3734 Unused Serialized files (Serialized files now loaded: 0)
Unloading 41 unused Assets / (229.4 KB). Loaded Objects now: 4189.
Memory consumption went from 142.6 MB to 142.4 MB.
Total: 4.145900 ms (FindLiveObjects: 0.334100 ms CreateObjectMapping: 0.224800 ms MarkObjects: 3.364500 ms  DeleteObjects: 0.221100 ms)

AssetImportParameters requested are different than current active one (requested -> active):
  custom:video-decoder-ogg-theora: a1e56fd34408186e4bbccfd4996cb3dc -> 
  custom:container-muxer-webm: aa71ff27fc2769a1b78a27578f13a17b -> 
  custom:container-demuxer-webm: 4f35f7cbe854078d1ac9338744f61a02 -> 
  custom:video-encoder-webm-vp8: eb34c28f22e8b96e1ab97ce403110664 -> 
  custom:audio-encoder-webm-vorbis: bf7c407c2cedff20999df2af8eb42d56 -> 
  custom:framework-win-MediaFoundation: 216162199b28c13a410421893ffa2e32 -> 
  custom:container-demuxer-ogg: 62fdf1f143b41e24485cea50d1cbac27 -> 
  custom:video-decoder-webm-vp8: 9c59270c3fd7afecdb556c50c9e8de78 -> 
  custom:audio-decoder-ogg-vorbis: bf7c407c2cedff20999df2af8eb42d56 -> 
========================================================================
Received Import Request.
  Time since last request: 860.914730 seconds.
  path: Assets/Fruit+.png
  artifactKey: Guid(d10423e657a08e340a4c315895dc49b3) Importer(815301076,1909f56bfc062723c751e8b465ee728b)
Start importing Assets/Fruit+.png using Guid(d10423e657a08e340a4c315895dc49b3) Importer(815301076,1909f56bfc062723c751e8b465ee728b)  -> (artifact id: '271ce2a2c63fd4f9d80e785794f54e12') in 0.173156 seconds 
========================================================================
Received Import Request.
  Time since last request: 0.181237 seconds.
  path: Assets/Fruit+.png
  artifactKey: Guid(d10423e657a08e340a4c315895dc49b3) Importer(815301076,1909f56bfc062723c751e8b465ee728b)
Start importing Assets/Fruit+.png using Guid(d10423e657a08e340a4c315895dc49b3) Importer(815301076,1909f56bfc062723c751e8b465ee728b)  -> (artifact id: '1cc45f6a746e434de5e03f7b6bd21432') in 0.011811 seconds 
========================================================================
Received Import Request.
  Time since last request: 15.630670 seconds.
  path: Assets/Fruit+.png
  artifactKey: Guid(d10423e657a08e340a4c315895dc49b3) Importer(815301076,1909f56bfc062723c751e8b465ee728b)
Start importing Assets/Fruit+.png using Guid(d10423e657a08e340a4c315895dc49b3) Importer(815301076,1909f56bfc062723c751e8b465ee728b)  -> (artifact id: '2db6643701d3d37386b98975675e4832') in 0.378545 seconds 
========================================================================
Received Import Request.
  Time since last request: 3.206744 seconds.
  path: Assets/Fruit+.png
  artifactKey: Guid(d10423e657a08e340a4c315895dc49b3) Importer(815301076,1909f56bfc062723c751e8b465ee728b)
Start importing Assets/Fruit+.png using Guid(d10423e657a08e340a4c315895dc49b3) Importer(815301076,1909f56bfc062723c751e8b465ee728b)  -> (artifact id: '7c7107c7c7562e28a1459a859bb48f12') in 0.493225 seconds 
========================================================================
Received Import Request.
  Time since last request: 0.514007 seconds.
  path: Assets/Pixel Fantasy Slot Machine
  artifactKey: Guid(89627ff2a7299b14b8909e70cedfe377) Importer(815301076,1909f56bfc062723c751e8b465ee728b)
Start importing Assets/Pixel Fantasy Slot Machine using Guid(89627ff2a7299b14b8909e70cedfe377) Importer(815301076,1909f56bfc062723c751e8b465ee728b)  -> (artifact id: '58aa97f4d9d5ee648469148956bea2d2') in 0.003195 seconds 
========================================================================
Received Import Request.
  Time since last request: 0.690473 seconds.
  path: Assets/Pixel Fantasy Slot Machine/Slot Machine
  artifactKey: Guid(4d5c192ea1312ff43b5c5fb36a1841ba) Importer(815301076,1909f56bfc062723c751e8b465ee728b)
Start importing Assets/Pixel Fantasy Slot Machine/Slot Machine using Guid(4d5c192ea1312ff43b5c5fb36a1841ba) Importer(815301076,1909f56bfc062723c751e8b465ee728b)  -> (artifact id: 'f47fd555645e3f82be2df22e63341b28') in 0.003468 seconds 
========================================================================
Received Import Request.
  Time since last request: 0.033493 seconds.
  path: Assets/Pixel Fantasy Slot Machine/Slot Machine/slot-machine1.png
  artifactKey: Guid(6a323132fd85c8440817f3c98d1a44a7) Importer(815301076,1909f56bfc062723c751e8b465ee728b)
Start importing Assets/Pixel Fantasy Slot Machine/Slot Machine/slot-machine1.png using Guid(6a323132fd85c8440817f3c98d1a44a7) Importer(815301076,1909f56bfc062723c751e8b465ee728b)  -> (artifact id: '78aab3d14f220ff13141f62218d546c3') in 0.064787 seconds 
========================================================================
Received Import Request.
  Time since last request: 0.000039 seconds.
  path: Assets/Pixel Fantasy Slot Machine/Slot Machine/slot-machine5.png
  artifactKey: Guid(279048fe1a1c01746bf30e18efbfce84) Importer(815301076,1909f56bfc062723c751e8b465ee728b)
Start importing Assets/Pixel Fantasy Slot Machine/Slot Machine/slot-machine5.png using Guid(279048fe1a1c01746bf30e18efbfce84) Importer(815301076,1909f56bfc062723c751e8b465ee728b)  -> (artifact id: 'c7e9a2c1a5fe6c4b3f4300e873875814') in 0.063431 seconds 
========================================================================
Received Import Request.
  Time since last request: 0.000032 seconds.
  path: Assets/Pixel Fantasy Slot Machine/Slot Machine/slot-symbol1.png
  artifactKey: Guid(8b1a13141cd648a4184c9328516cae6a) Importer(815301076,1909f56bfc062723c751e8b465ee728b)
Start importing Assets/Pixel Fantasy Slot Machine/Slot Machine/slot-symbol1.png using Guid(8b1a13141cd648a4184c9328516cae6a) Importer(815301076,1909f56bfc062723c751e8b465ee728b)  -> (artifact id: '4bd2613592703e425a96a837270b4085') in 0.023046 seconds 
========================================================================
Received Import Request.
  Time since last request: 0.000053 seconds.
  path: Assets/Pixel Fantasy Slot Machine/Slot Machine/slot-machine4.png
  artifactKey: Guid(f1ea203edcb2f954bae62d0d7882bfd4) Importer(815301076,1909f56bfc062723c751e8b465ee728b)
Start importing Assets/Pixel Fantasy Slot Machine/Slot Machine/slot-machine4.png using Guid(f1ea203edcb2f954bae62d0d7882bfd4) Importer(815301076,1909f56bfc062723c751e8b465ee728b)  -> (artifact id: '5aed6f1b4163057180af5eab5db18b5a') in 0.066568 seconds 
========================================================================
Received Import Request.
  Time since last request: 0.000053 seconds.
  path: Assets/Pixel Fantasy Slot Machine/Slot Machine/slot-symbol2.png
  artifactKey: Guid(8075298c89e5b674d8162b47c6fd9e2e) Importer(815301076,1909f56bfc062723c751e8b465ee728b)
Start importing Assets/Pixel Fantasy Slot Machine/Slot Machine/slot-symbol2.png using Guid(8075298c89e5b674d8162b47c6fd9e2e) Importer(815301076,1909f56bfc062723c751e8b465ee728b)  -> (artifact id: '34796b7ca3b067b13a0edcce9d1be3a3') in 0.022421 seconds 
========================================================================
Received Import Request.
  Time since last request: 0.000033 seconds.
  path: Assets/Pixel Fantasy Slot Machine/Slot Machine/slot-symbol3.png
  artifactKey: Guid(392d90de6efdb2a47913f118a063f7d0) Importer(815301076,1909f56bfc062723c751e8b465ee728b)
Start importing Assets/Pixel Fantasy Slot Machine/Slot Machine/slot-symbol3.png using Guid(392d90de6efdb2a47913f118a063f7d0) Importer(815301076,1909f56bfc062723c751e8b465ee728b)  -> (artifact id: '477aa8129a006faf0a1926aecc6fc112') in 0.020408 seconds 
========================================================================
Received Import Request.
  Time since last request: 0.000028 seconds.
  path: Assets/Pixel Fantasy Slot Machine/Slot Machine/slot-symbol4.png
  artifactKey: Guid(12e54247c0e08034c898c5c9fbef2336) Importer(815301076,1909f56bfc062723c751e8b465ee728b)
Start importing Assets/Pixel Fantasy Slot Machine/Slot Machine/slot-symbol4.png using Guid(12e54247c0e08034c898c5c9fbef2336) Importer(815301076,1909f56bfc062723c751e8b465ee728b)  -> (artifact id: 'dac17dd847f3656dfbd7aa54f9c634e8') in 0.022456 seconds 
Editor requested this worker to shutdown with reason: Scaling down because of idle timeout
AssetImportWorker is now disconnected from the server
Process exiting
Exiting without the bug reporter. Application will terminate with return code 0